[2024-03-26 08:37:29] [info] Start Program:
Path:"C:\An1\Sem2\OOP\lab4.0\x64\Debug\lab4.0.exe"
Arguments:
Working directory: "C:\An1\Sem2\OOP\lab4.0\lab4.0\"
Modules: Selected: C:\An1\Sem2\OOP\lab4.0\x64\Debug\lab4.0.exe Excluded: 
Sources: Selected: C:\An1\Sem2\OOP\lab4.0\lab4.0 Excluded: 
Log Level: Normal
Cover Children: 0
Aggregate by file: 1
Continue after C++ exception: 0
Optimized build support: 0
Export: Binary C:\Users\adeli\AppData\Local\Temp\e20waiog.jtu 
Input coverage: 
Unified diff: 
Excluded line regular expressions: 
Substitute pdb source paths: 

[2024-03-26 08:37:30] [info] Module: C:\An1\Sem2\OOP\lab4.0\x64\Debug\lab4.0.exe is selected because it matches selected pattern: C:\An1\Sem2\OOP\lab4.0\x64\Debug\lab4.0.exe
[2024-03-26 08:37:30] [info] ----------------------------------------------------
[2024-03-26 08:37:30] [info] Coverage binary generated in file: C:\Users\adeli\AppData\Local\Temp\e20waiog.jtu
[2024-03-26 08:37:30] [info] ----------------------------------------------------
