[2024-03-21 19:21:40] [info] Start Program:
Path:"C:\An1\Sem2\OOP\lab3.0\x64\Debug\lab3.0.exe"
Arguments:
Working directory: "C:\An1\Sem2\OOP\lab3.0\lab3.0\"
Modules: Selected: C:\An1\Sem2\OOP\lab3.0\x64\Debug\lab3.0.exe Excluded: 
Sources: Selected: C:\An1\Sem2\OOP\lab3.0\lab3.0 Excluded: 
Log Level: Normal
Cover Children: 0
Aggregate by file: 1
Continue after C++ exception: 0
Optimized build support: 0
Export: Binary C:\Users\adeli\AppData\Local\Temp\5sylnmag.f1b 
Input coverage: 
Unified diff: 
Excluded line regular expressions: 
Substitute pdb source paths: 

[2024-03-21 19:21:40] [info] Module: C:\An1\Sem2\OOP\lab3.0\x64\Debug\lab3.0.exe is selected because it matches selected pattern: C:\An1\Sem2\OOP\lab3.0\x64\Debug\lab3.0.exe
[2024-03-21 19:21:40] [info] ----------------------------------------------------
[2024-03-21 19:21:40] [info] Coverage binary generated in file: C:\Users\adeli\AppData\Local\Temp\5sylnmag.f1b
[2024-03-21 19:21:40] [info] ----------------------------------------------------
