[2024-04-30 08:32:31] [info] Start Program:
Path:"C:\An1\Sem2\OOP\lab10.0\x64\Debug\lab10.0.exe"
Arguments:
Working directory: "C:\An1\Sem2\OOP\lab10.0\lab10.0\"
Modules: Selected: C:\An1\Sem2\OOP\lab10.0\x64\Debug\lab10.0.exe Excluded: 
Sources: Selected: C:\An1\Sem2\OOP\lab10.0\lab10.0 Excluded: 
Log Level: Normal
Cover Children: 0
Aggregate by file: 1
Continue after C++ exception: 0
Optimized build support: 0
Export: Binary C:\Users\adeli\AppData\Local\Temp\a4jq2o0j.qu4 
Input coverage: 
Unified diff: 
Excluded line regular expressions: 
Substitute pdb source paths: 

[2024-04-30 08:32:31] [info] Module: C:\An1\Sem2\OOP\lab10.0\x64\Debug\lab10.0.exe is selected because it matches selected pattern: C:\An1\Sem2\OOP\lab10.0\x64\Debug\lab10.0.exe
[2024-04-30 08:32:32] [info] ----------------------------------------------------
[2024-04-30 08:32:32] [info] Coverage binary generated in file: C:\Users\adeli\AppData\Local\Temp\a4jq2o0j.qu4
[2024-04-30 08:32:32] [info] ----------------------------------------------------
