[2024-06-15 15:13:20] [info] Start Program:
Path:"C:\An1\Sem2\OOP\practicinc8\x64\Debug\practicinc8.exe"
Arguments:
Working directory: "C:\An1\Sem2\OOP\practicinc8\practicinc8\"
Modules: Selected: C:\An1\Sem2\OOP\practicinc8\x64\Debug\practicinc8.exe Excluded: 
Sources: Selected: C:\An1\Sem2\OOP\practicinc8\practicinc8 Excluded: 
Log Level: Normal
Cover Children: 0
Aggregate by file: 1
Continue after C++ exception: 0
Optimized build support: 0
Export: Binary C:\Users\adeli\AppData\Local\Temp\ychhfkkg.ipd 
Input coverage: 
Unified diff: 
Excluded line regular expressions: 
Substitute pdb source paths: 

[2024-06-15 15:13:20] [info] Module: C:\An1\Sem2\OOP\practicinc8\x64\Debug\practicinc8.exe is selected because it matches selected pattern: C:\An1\Sem2\OOP\practicinc8\x64\Debug\practicinc8.exe
[2024-06-15 15:13:21] [info] ----------------------------------------------------
[2024-06-15 15:13:21] [info] Coverage binary generated in file: C:\Users\adeli\AppData\Local\Temp\ychhfkkg.ipd
[2024-06-15 15:13:21] [info] ----------------------------------------------------
